<?xml version="1.0" encoding="UTF-8"?>
<testsuite xmlns:xsi="http://www.w3.org/2001/XMLSchema-instance" xsi:noNamespaceSchemaLocation="https://maven.apache.org/surefire/maven-surefire-plugin/xsd/surefire-test-report.xsd" version="3.0.2" name="com.github.dougbrunos.integrationtests.swagger.SwaggerIntegrationTest" time="54.416" tests="1" errors="0" skipped="0" failures="0">
  <properties>
[...]
</properties>
  <testcase name="shouldDisplaySwaggerUIPage" classname="com.github.dougbrunos.integrationtests.swagger.SwaggerIntegrationTest" time="4.745">
    <system-out><![CDATA[11:58:48.201 [main] INFO org.springframework.test.context.support.AnnotationConfigContextLoaderUtils -- Could not detect default configuration classes for test class [com.github.dougbrunos.integrationtests.AbstractIntegrationTest]: AbstractIntegrationTest does not declare any static, non-private, non-final, nested classes annotated with @Configuration.
11:58:48.321 [main] INFO org.springframework.boot.test.context.SpringBootTestContextBootstrapper -- Found @SpringBootConfiguration com.github.dougbrunos.Startup for test class com.github.dougbrunos.integrationtests.swagger.SwaggerIntegrationTest
11:58:48.578 [main] INFO org.testcontainers.images.PullPolicy -- Image pull policy will be performed by: DefaultPullPolicy()
11:58:48.580 [main] INFO org.testcontainers.utility.ImageNameSubstitutor -- Image name substitution will be performed by: DefaultImageNameSubstitutor (composite of 'ConfigurationFileImageNameSubstitutor' and 'PrefixingImageNameSubstitutor')
11:58:48.650 [main] INFO org.springframework.boot.devtools.restart.RestartApplicationListener -- Restart disabled due to context in which it is running

  .   ____          _            __ _ _
 /\\ / ___'_ __ _ _(_)_ __  __ _ \ \ \ \
( ( )\___ | '_ | '_| | '_ \/ _` | \ \ \ \
 \\/  ___)| |_)| | | | | || (_| |  ) ) ) )
  '  |____| .__|_| |_|_| |_\__, | / / / /
 =========|_|==============|___/=/_/_/_/

 :: Spring Boot ::                (v3.4.0)

2025-09-05T11:58:49.018-03:00  INFO 10188 --- [spring-boot-rest-apis] [ers-lifecycle-0] org.testcontainers.DockerClientFactory   : Testcontainers version: 1.20.4
2025-09-05T11:58:49.451-03:00  INFO 10188 --- [spring-boot-rest-apis] [ers-lifecycle-0] o.t.d.DockerClientProviderStrategy       : Loaded org.testcontainers.dockerclient.NpipeSocketClientProviderStrategy from ~/.testcontainers.properties, will try it first
2025-09-05T11:58:49.757-03:00  INFO 10188 --- [spring-boot-rest-apis] [ers-lifecycle-0] o.t.d.DockerClientProviderStrategy       : Found Docker environment with local Npipe socket (npipe:////./pipe/docker_engine)
2025-09-05T11:58:49.759-03:00  INFO 10188 --- [spring-boot-rest-apis] [ers-lifecycle-0] org.testcontainers.DockerClientFactory   : Docker host IP address is localhost
2025-09-05T11:58:49.783-03:00  INFO 10188 --- [spring-boot-rest-apis] [ers-lifecycle-0] org.testcontainers.DockerClientFactory   : Connected to docker: 
  Server Version: 28.3.3
  API Version: 1.51
  Operating System: Docker Desktop
  Total Memory: 7785 MB
  Labels: 
    com.docker.desktop.address=npipe://\\.\pipe\docker_cli
2025-09-05T11:58:49.910-03:00  INFO 10188 --- [spring-boot-rest-apis] [ers-lifecycle-0] tc.testcontainers/ryuk:0.11.0            : Creating container for image: testcontainers/ryuk:0.11.0
2025-09-05T11:58:50.396-03:00  INFO 10188 --- [spring-boot-rest-apis] [ers-lifecycle-0] tc.testcontainers/ryuk:0.11.0            : Container testcontainers/ryuk:0.11.0 is starting: a6dc0828aabeab5c6dc37f059e79fa5d7e91cc76720d83bc6c5529c9a5828926
2025-09-05T11:58:51.111-03:00  INFO 10188 --- [spring-boot-rest-apis] [ers-lifecycle-0] tc.testcontainers/ryuk:0.11.0            : Container testcontainers/ryuk:0.11.0 started in PT1.2006429S
2025-09-05T11:58:51.127-03:00  INFO 10188 --- [spring-boot-rest-apis] [ers-lifecycle-0] o.t.utility.RyukResourceReaper           : Ryuk started - will monitor and terminate Testcontainers containers on JVM exit
2025-09-05T11:58:51.127-03:00  INFO 10188 --- [spring-boot-rest-apis] [ers-lifecycle-0] org.testcontainers.DockerClientFactory   : Checking the system...
2025-09-05T11:58:51.128-03:00  INFO 10188 --- [spring-boot-rest-apis] [ers-lifecycle-0] org.testcontainers.DockerClientFactory   : ✔︎ Docker server version should be at least 1.6.0
2025-09-05T11:58:51.131-03:00  INFO 10188 --- [spring-boot-rest-apis] [ers-lifecycle-0] tc.mysql:9.1.0                           : Creating container for image: mysql:9.1.0
2025-09-05T11:58:51.375-03:00  INFO 10188 --- [spring-boot-rest-apis] [ers-lifecycle-0] tc.mysql:9.1.0                           : Container mysql:9.1.0 is starting: 0535fe8aded550d3e584ca92982a6b0b326f9fabac87b695b482a7f5c9b4311e
2025-09-05T11:58:51.906-03:00  INFO 10188 --- [spring-boot-rest-apis] [ers-lifecycle-0] tc.mysql:9.1.0                           : Waiting for database connection to become available at jdbc:mysql://localhost:65017/test using query 'SELECT 1'
2025-09-05T11:59:09.027-03:00  INFO 10188 --- [spring-boot-rest-apis] [ers-lifecycle-0] tc.mysql:9.1.0                           : Container mysql:9.1.0 started in PT17.8957677S
2025-09-05T11:59:09.027-03:00  INFO 10188 --- [spring-boot-rest-apis] [ers-lifecycle-0] tc.mysql:9.1.0                           : Container is started (JDBC URL: jdbc:mysql://localhost:65017/test)
2025-09-05T11:59:09.036-03:00  INFO 10188 --- [spring-boot-rest-apis] [           main] c.g.d.i.swagger.SwaggerIntegrationTest   : Starting SwaggerIntegrationTest using Java 21.0.8 with PID 10188 (started by douglas in C:\Users\douglas\Documents\Cursos\Udemy\spring-boot-rest-apis\spring-boot-rest-apis-14)
2025-09-05T11:59:09.038-03:00 DEBUG 10188 --- [spring-boot-rest-apis] [           main] c.g.d.i.swagger.SwaggerIntegrationTest   : Running with Spring Boot v3.4.0, Spring v6.2.0
2025-09-05T11:59:09.039-03:00  INFO 10188 --- [spring-boot-rest-apis] [           main] c.g.d.i.swagger.SwaggerIntegrationTest   : The following 1 profile is active: "test"
2025-09-05T11:59:12.332-03:00  INFO 10188 --- [spring-boot-rest-apis] [           main] .s.d.r.c.RepositoryConfigurationDelegate : Bootstrapping Spring Data JPA repositories in DEFAULT mode.
2025-09-05T11:59:12.730-03:00  INFO 10188 --- [spring-boot-rest-apis] [           main] .s.d.r.c.RepositoryConfigurationDelegate : Finished Spring Data repository scanning in 326 ms. Found 2 JPA repository interfaces.
2025-09-05T11:59:16.027-03:00  INFO 10188 --- [spring-boot-rest-apis] [           main] o.s.b.w.embedded.tomcat.TomcatWebServer  : Tomcat initialized with port 8888 (http)
2025-09-05T11:59:16.099-03:00  INFO 10188 --- [spring-boot-rest-apis] [           main] o.apache.catalina.core.StandardService   : Starting service [Tomcat]
2025-09-05T11:59:16.102-03:00  INFO 10188 --- [spring-boot-rest-apis] [           main] o.apache.catalina.core.StandardEngine    : Starting Servlet engine: [Apache Tomcat/10.1.33]
2025-09-05T11:59:16.366-03:00  INFO 10188 --- [spring-boot-rest-apis] [           main] o.a.c.c.C.[Tomcat].[localhost].[/]       : Initializing Spring embedded WebApplicationContext
2025-09-05T11:59:16.368-03:00  INFO 10188 --- [spring-boot-rest-apis] [           main] w.s.c.ServletWebServerApplicationContext : Root WebApplicationContext: initialization completed in 7070 ms
2025-09-05T11:59:17.553-03:00  INFO 10188 --- [spring-boot-rest-apis] [           main] com.zaxxer.hikari.HikariDataSource       : HikariPool-1 - Starting...
2025-09-05T11:59:18.926-03:00  INFO 10188 --- [spring-boot-rest-apis] [           main] com.zaxxer.hikari.pool.HikariPool        : HikariPool-1 - Added connection com.mysql.cj.jdbc.ConnectionImpl@4a7db5a
2025-09-05T11:59:18.933-03:00  INFO 10188 --- [spring-boot-rest-apis] [           main] com.zaxxer.hikari.HikariDataSource       : HikariPool-1 - Start completed.
2025-09-05T11:59:19.145-03:00  INFO 10188 --- [spring-boot-rest-apis] [           main] org.flywaydb.core.FlywayExecutor         : Database: jdbc:mysql://localhost:65017/test (MySQL 9.1)
2025-09-05T11:59:21.941-03:00  WARN 10188 --- [spring-boot-rest-apis] [           main] o.f.c.internal.database.base.Database    : Flyway upgrade recommended: MySQL 9.1 is newer than this version of Flyway and support has not been tested. The latest supported version of MySQL is 8.1.
2025-09-05T11:59:22.097-03:00  INFO 10188 --- [spring-boot-rest-apis] [           main] o.f.c.i.s.JdbcTableSchemaHistory         : Schema history table `test`.`flyway_schema_history` does not exist yet
2025-09-05T11:59:22.115-03:00  INFO 10188 --- [spring-boot-rest-apis] [           main] o.f.core.internal.command.DbValidate     : Successfully validated 4 migrations (execution time 00:00.129s)
2025-09-05T11:59:22.253-03:00  INFO 10188 --- [spring-boot-rest-apis] [           main] o.f.c.i.s.JdbcTableSchemaHistory         : Creating Schema History table `test`.`flyway_schema_history` ...
2025-09-05T11:59:22.600-03:00  INFO 10188 --- [spring-boot-rest-apis] [           main] o.f.core.internal.command.DbMigrate      : Current version of schema `test`: << Empty Schema >>
2025-09-05T11:59:22.635-03:00  INFO 10188 --- [spring-boot-rest-apis] [           main] o.f.core.internal.command.DbMigrate      : Migrating schema `test` to version "1 - Create Table Person"
2025-09-05T11:59:22.903-03:00  INFO 10188 --- [spring-boot-rest-apis] [           main] o.f.core.internal.command.DbMigrate      : Migrating schema `test` to version "2 - Populate Table Person"
2025-09-05T11:59:23.109-03:00  INFO 10188 --- [spring-boot-rest-apis] [           main] o.f.core.internal.command.DbMigrate      : Migrating schema `test` to version "3 - Create Table Books"
2025-09-05T11:59:23.181-03:00  WARN 10188 --- [spring-boot-rest-apis] [           main] o.f.c.i.s.DefaultSqlScriptExecutor       : DB: Integer display width is deprecated and will be removed in a future release. (SQL State: HY000 - Error Code: 1681)
2025-09-05T11:59:23.334-03:00  INFO 10188 --- [spring-boot-rest-apis] [           main] o.f.core.internal.command.DbMigrate      : Migrating schema `test` to version "4 - Insert Data In Books"
2025-09-05T11:59:23.523-03:00  INFO 10188 --- [spring-boot-rest-apis] [           main] o.f.core.internal.command.DbMigrate      : Successfully applied 4 migrations to schema `test`, now at version v4 (execution time 00:00.290s)
2025-09-05T11:59:23.973-03:00  INFO 10188 --- [spring-boot-rest-apis] [           main] o.hibernate.jpa.internal.util.LogHelper  : HHH000204: Processing PersistenceUnitInfo [name: default]
2025-09-05T11:59:24.400-03:00  INFO 10188 --- [spring-boot-rest-apis] [           main] org.hibernate.Version                    : HHH000412: Hibernate ORM core version 6.6.2.Final
2025-09-05T11:59:24.586-03:00  INFO 10188 --- [spring-boot-rest-apis] [           main] o.h.c.internal.RegionFactoryInitiator    : HHH000026: Second-level cache disabled
2025-09-05T11:59:25.579-03:00  INFO 10188 --- [spring-boot-rest-apis] [           main] o.s.o.j.p.SpringPersistenceUnitInfo      : No LoadTimeWeaver setup: ignoring JPA class transformer
2025-09-05T11:59:25.878-03:00  INFO 10188 --- [spring-boot-rest-apis] [           main] org.hibernate.orm.connections.pooling    : HHH10001005: Database info:
	Database JDBC URL [Connecting through datasource 'HikariDataSource (HikariPool-1)']
	Database driver: undefined/unknown
	Database version: 9.1
	Autocommit mode: undefined/unknown
	Isolation level: undefined/unknown
	Minimum pool size: undefined/unknown
	Maximum pool size: undefined/unknown
2025-09-05T11:59:28.216-03:00  INFO 10188 --- [spring-boot-rest-apis] [           main] o.h.e.t.j.p.i.JtaPlatformInitiator       : HHH000489: No JTA platform available (set 'hibernate.transaction.jta.platform' to enable JTA platform integration)
2025-09-05T11:59:28.506-03:00  INFO 10188 --- [spring-boot-rest-apis] [           main] j.LocalContainerEntityManagerFactoryBean : Initialized JPA EntityManagerFactory for persistence unit 'default'
2025-09-05T11:59:37.550-03:00  INFO 10188 --- [spring-boot-rest-apis] [           main] o.s.b.w.embedded.tomcat.TomcatWebServer  : Tomcat started on port 8888 (http) with context path '/'
2025-09-05T11:59:37.601-03:00  INFO 10188 --- [spring-boot-rest-apis] [           main] c.g.d.i.swagger.SwaggerIntegrationTest   : Started SwaggerIntegrationTest in 48.965 seconds (process running for 50.574)
2025-09-05T11:59:42.119-03:00  INFO 10188 --- [spring-boot-rest-apis] [nio-8888-exec-1] o.a.c.c.C.[Tomcat].[localhost].[/]       : Initializing Spring DispatcherServlet 'dispatcherServlet'
2025-09-05T11:59:42.120-03:00  INFO 10188 --- [spring-boot-rest-apis] [nio-8888-exec-1] o.s.web.servlet.DispatcherServlet        : Initializing Servlet 'dispatcherServlet'
2025-09-05T11:59:42.123-03:00  INFO 10188 --- [spring-boot-rest-apis] [nio-8888-exec-1] o.s.web.servlet.DispatcherServlet        : Completed initialization in 3 ms
]]></system-out>
    <system-err><![CDATA[Mockito is currently self-attaching to enable the inline-mock-maker. This will no longer work in future releases of the JDK. Please add Mockito as an agent to your build what is described in Mockito's documentation: https://javadoc.io/doc/org.mockito/mockito-core/latest/org/mockito/Mockito.html#0.3
WARNING: A Java agent has been loaded dynamically (C:\Users\douglas\.m2\repository\net\bytebuddy\byte-buddy-agent\1.15.10\byte-buddy-agent-1.15.10.jar)
WARNING: If a serviceability tool is in use, please run with -XX:+EnableDynamicAgentLoading to hide this warning
WARNING: If a serviceability tool is not in use, please run with -Djdk.instrument.traceUsage for more information
WARNING: Dynamic loading of agents will be disallowed by default in a future release
]]></system-err>
  </testcase>
</testsuite>